# JRE version: OpenJDK Runtime Environment Temurin-17.0.8.1+1 (17.0.8.1+1) (build 17.0.8.1+1)
# Java VM: OpenJDK 64-Bit Server VM Temurin-17.0.8.1+1 (17.0.8.1+1, mixed mode, tiered, compressed oops, compressed class ptrs, parallel gc, windows-amd64)
GC Precious Log:
 CPUs: 8 total, 8 available
 Memory: 15980M
 Large Page Support: Disabled
 NUMA Support: Disabled
 Compressed Oops: Enabled (32-bit)
 Alignments: Space 512K, Generation 512K, Heap 2M
 Heap Min Capacity: 100M
 Heap Initial Capacity: 100M
 Heap Max Capacity: 1G
 Pre-touch: Disabled
 Parallel Workers: 8
Heap:
 PSYoungGen      total 9728K, used 4784K [0x00000000eab00000, 0x00000000eb700000, 0x0000000100000000)
  eden space 8704K, 43% used [0x00000000eab00000,0x00000000eaeb0150,0x00000000eb380000)
  from space 1024K, 98% used [0x00000000eb500000,0x00000000eb5fc010,0x00000000eb600000)
  to   space 1536K, 0% used [0x00000000eb380000,0x00000000eb380000,0x00000000eb500000)
 ParOldGen       total 119296K, used 95646K [0x00000000c0000000, 0x00000000c7480000, 0x00000000eab00000)
  object space 119296K, 80% used [0x00000000c0000000,0x00000000c5d678a8,0x00000000c7480000)
 Metaspace       used 83724K, committed 84928K, reserved 1179648K
  class space    used 8298K, committed 8832K, reserved 1048576K
GC Heap History (20 events):
Event: 52725.915 GC heap before
{Heap before GC invocations=3238 (full 70):
 PSYoungGen      total 6656K, used 6480K [0x00000000eab00000, 0x00000000eb400000, 0x0000000100000000)
  eden space 5632K, 100% used [0x00000000eab00000,0x00000000eb080000,0x00000000eb080000)
  from space 1024K, 82% used [0x00000000eb300000,0x00000000eb3d42a8,0x00000000eb400000)
  to   space 1536K, 0% used [0x00000000eb100000,0x00000000eb100000,0x00000000eb280000)
 ParOldGen       total 119296K, used 93771K [0x00000000c0000000, 0x00000000c7480000, 0x00000000eab00000)
  object space 119296K, 78% used [0x00000000c0000000,0x00000000c5b92eb8,0x00000000c7480000)
 Metaspace       used 83642K, committed 84800K, reserved 1179648K
  class space    used 8288K, committed 8832K, reserved 1048576K
}
Event: 52725.916 GC heap after
{Heap after GC invocations=3238 (full 70):
 PSYoungGen      total 7680K, used 1168K [0x00000000eab00000, 0x00000000eb480000, 0x0000000100000000)
  eden space 6144K, 0% used [0x00000000eab00000,0x00000000eab00000,0x00000000eb100000)
  from space 1536K, 76% used [0x00000000eb100000,0x00000000eb2242a8,0x00000000eb280000)
  to   space 1536K, 0% used [0x00000000eb300000,0x00000000eb300000,0x00000000eb480000)
 ParOldGen       total 119296K, used 93771K [0x00000000c0000000, 0x00000000c7480000, 0x00000000eab00000)
  object space 119296K, 78% used [0x00000000c0000000,0x00000000c5b92eb8,0x00000000c7480000)
 Metaspace       used 83642K, committed 84800K, reserved 1179648K
  class space    used 8288K, committed 8832K, reserved 1048576K
}
Event: 52725.927 GC heap before
{Heap before GC invocations=3239 (full 70):
 PSYoungGen      total 7680K, used 6748K [0x00000000eab00000, 0x00000000eb480000, 0x0000000100000000)
  eden space 6144K, 90% used [0x00000000eab00000,0x00000000eb073030,0x00000000eb100000)
  from space 1536K, 76% used [0x00000000eb100000,0x00000000eb2242a8,0x00000000eb280000)
  to   space 1536K, 0% used [0x00000000eb300000,0x00000000eb300000,0x00000000eb480000)
 ParOldGen       total 119296K, used 93771K [0x00000000c0000000, 0x00000000c7480000, 0x00000000eab00000)
  object space 119296K, 78% used [0x00000000c0000000,0x00000000c5b92eb8,0x00000000c7480000)
 Metaspace       used 83643K, committed 84800K, reserved 1179648K
  class space    used 8288K, committed 8832K, reserved 1048576K
}
Event: 52725.928 GC heap after
{Heap after GC invocations=3239 (full 70):
 PSYoungGen      total 8192K, used 1031K [0x00000000eab00000, 0x00000000eb500000, 0x0000000100000000)
  eden space 6656K, 0% used [0x00000000eab00000,0x00000000eab00000,0x00000000eb180000)
  from space 1536K, 67% used [0x00000000eb300000,0x00000000eb401f60,0x00000000eb480000)
  to   space 1536K, 0% used [0x00000000eb180000,0x00000000eb180000,0x00000000eb300000)
 ParOldGen       total 119296K, used 93771K [0x00000000c0000000, 0x00000000c7480000, 0x00000000eab00000)
  object space 119296K, 78% used [0x00000000c0000000,0x00000000c5b92eb8,0x00000000c7480000)
 Metaspace       used 83643K, committed 84800K, reserved 1179648K
  class space    used 8288K, committed 8832K, reserved 1048576K
}
Event: 52725.938 GC heap before
{Heap before GC invocations=3240 (full 70):
 PSYoungGen      total 8192K, used 7687K [0x00000000eab00000, 0x00000000eb500000, 0x0000000100000000)
  eden space 6656K, 100% used [0x00000000eab00000,0x00000000eb180000,0x00000000eb180000)
  from space 1536K, 67% used [0x00000000eb300000,0x00000000eb401f60,0x00000000eb480000)
  to   space 1536K, 0% used [0x00000000eb180000,0x00000000eb180000,0x00000000eb300000)
 ParOldGen       total 119296K, used 93771K [0x00000000c0000000, 0x00000000c7480000, 0x00000000eab00000)
  object space 119296K, 78% used [0x00000000c0000000,0x00000000c5b92eb8,0x00000000c7480000)
 Metaspace       used 83643K, committed 84800K, reserved 1179648K
  class space    used 8288K, committed 8832K, reserved 1048576K
}
Event: 52725.939 GC heap after
{Heap after GC invocations=3240 (full 70):
 PSYoungGen      total 8192K, used 1527K [0x00000000eab00000, 0x00000000eb680000, 0x0000000100000000)
  eden space 6656K, 0% used [0x00000000eab00000,0x00000000eab00000,0x00000000eb180000)
  from space 1536K, 99% used [0x00000000eb180000,0x00000000eb2fdf50,0x00000000eb300000)
  to   space 2048K, 0% used [0x00000000eb480000,0x00000000eb480000,0x00000000eb680000)
 ParOldGen       total 119296K, used 93819K [0x00000000c0000000, 0x00000000c7480000, 0x00000000eab00000)
  object space 119296K, 78% used [0x00000000c0000000,0x00000000c5b9eeb8,0x00000000c7480000)
 Metaspace       used 83643K, committed 84800K, reserved 1179648K
  class space    used 8288K, committed 8832K, reserved 1048576K
}
Event: 52725.947 GC heap before
{Heap before GC invocations=3241 (full 70):
 PSYoungGen      total 8192K, used 8179K [0x00000000eab00000, 0x00000000eb680000, 0x0000000100000000)
  eden space 6656K, 99% used [0x00000000eab00000,0x00000000eb17ef98,0x00000000eb180000)
  from space 1536K, 99% used [0x00000000eb180000,0x00000000eb2fdf50,0x00000000eb300000)
  to   space 2048K, 0% used [0x00000000eb480000,0x00000000eb480000,0x00000000eb680000)
 ParOldGen       total 119296K, used 93819K [0x00000000c0000000, 0x00000000c7480000, 0x00000000eab00000)
  object space 119296K, 78% used [0x00000000c0000000,0x00000000c5b9eeb8,0x00000000c7480000)
 Metaspace       used 83643K, committed 84800K, reserved 1179648K
  class space    used 8288K, committed 8832K, reserved 1048576K
}
Event: 52725.948 GC heap after
{Heap after GC invocations=3241 (full 70):
 PSYoungGen      total 7680K, used 2022K [0x00000000eab00000, 0x00000000eba80000, 0x0000000100000000)
  eden space 5632K, 0% used [0x00000000eab00000,0x00000000eab00000,0x00000000eb080000)
  from space 2048K, 98% used [0x00000000eb480000,0x00000000eb679aa8,0x00000000eb680000)
  to   space 4096K, 0% used [0x00000000eb080000,0x00000000eb080000,0x00000000eb480000)
 ParOldGen       total 119296K, used 95235K [0x00000000c0000000, 0x00000000c7480000, 0x00000000eab00000)
  object space 119296K, 79% used [0x00000000c0000000,0x00000000c5d00fd8,0x00000000c7480000)
 Metaspace       used 83643K, committed 84800K, reserved 1179648K
  class space    used 8288K, committed 8832K, reserved 1048576K
}
Event: 52725.956 GC heap before
{Heap before GC invocations=3242 (full 70):
 PSYoungGen      total 7680K, used 7491K [0x00000000eab00000, 0x00000000eba80000, 0x0000000100000000)
  eden space 5632K, 97% used [0x00000000eab00000,0x00000000eb0574c0,0x00000000eb080000)
  from space 2048K, 98% used [0x00000000eb480000,0x00000000eb679aa8,0x00000000eb680000)
  to   space 4096K, 0% used [0x00000000eb080000,0x00000000eb080000,0x00000000eb480000)
 ParOldGen       total 119296K, used 95235K [0x00000000c0000000, 0x00000000c7480000, 0x00000000eab00000)
  object space 119296K, 79% used [0x00000000c0000000,0x00000000c5d00fd8,0x00000000c7480000)
 Metaspace       used 83643K, committed 84800K, reserved 1179648K
  class space    used 8288K, committed 8832K, reserved 1048576K
}
Event: 52725.957 GC heap after
{Heap after GC invocations=3242 (full 70):
 PSYoungGen      total 7168K, used 1095K [0x00000000eab00000, 0x00000000eb580000, 0x0000000100000000)
  eden space 5632K, 0% used [0x00000000eab00000,0x00000000eab00000,0x00000000eb080000)
  from space 1536K, 71% used [0x00000000eb080000,0x00000000eb191ca8,0x00000000eb200000)
  to   space 2048K, 0% used [0x00000000eb380000,0x00000000eb380000,0x00000000eb580000)
 ParOldGen       total 119296K, used 95466K [0x00000000c0000000, 0x00000000c7480000, 0x00000000eab00000)
  object space 119296K, 80% used [0x00000000c0000000,0x00000000c5d3aa68,0x00000000c7480000)
 Metaspace       used 83643K, committed 84800K, reserved 1179648K
  class space    used 8288K, committed 8832K, reserved 1048576K
}
Event: 52725.963 GC heap before
{Heap before GC invocations=3243 (full 70):
 PSYoungGen      total 7168K, used 5481K [0x00000000eab00000, 0x00000000eb580000, 0x0000000100000000)
  eden space 5632K, 77% used [0x00000000eab00000,0x00000000eaf48ad0,0x00000000eb080000)
  from space 1536K, 71% used [0x00000000eb080000,0x00000000eb191ca8,0x00000000eb200000)
  to   space 2048K, 0% used [0x00000000eb380000,0x00000000eb380000,0x00000000eb580000)
 ParOldGen       total 119296K, used 95466K [0x00000000c0000000, 0x00000000c7480000, 0x00000000eab00000)
  object space 119296K, 80% used [0x00000000c0000000,0x00000000c5d3aa68,0x00000000c7480000)
 Metaspace       used 83667K, committed 84864K, reserved 1179648K
  class space    used 8288K, committed 8832K, reserved 1048576K
}
Event: 52725.964 GC heap after
{Heap after GC invocations=3243 (full 70):
 PSYoungGen      total 8192K, used 1031K [0x00000000eab00000, 0x00000000eb500000, 0x0000000100000000)
  eden space 6656K, 0% used [0x00000000eab00000,0x00000000eab00000,0x00000000eb180000)
  from space 1536K, 67% used [0x00000000eb380000,0x00000000eb481ca8,0x00000000eb500000)
  to   space 1536K, 0% used [0x00000000eb200000,0x00000000eb200000,0x00000000eb380000)
 ParOldGen       total 119296K, used 95466K [0x00000000c0000000, 0x00000000c7480000, 0x00000000eab00000)
  object space 119296K, 80% used [0x00000000c0000000,0x00000000c5d3aa68,0x00000000c7480000)
 Metaspace       used 83667K, committed 84864K, reserved 1179648K
  class space    used 8288K, committed 8832K, reserved 1048576K
}
Event: 52725.973 GC heap before
{Heap before GC invocations=3244 (full 70):
 PSYoungGen      total 8192K, used 7687K [0x00000000eab00000, 0x00000000eb500000, 0x0000000100000000)
  eden space 6656K, 100% used [0x00000000eab00000,0x00000000eb180000,0x00000000eb180000)
  from space 1536K, 67% used [0x00000000eb380000,0x00000000eb481ca8,0x00000000eb500000)
  to   space 1536K, 0% used [0x00000000eb200000,0x00000000eb200000,0x00000000eb380000)
 ParOldGen       total 119296K, used 95466K [0x00000000c0000000, 0x00000000c7480000, 0x00000000eab00000)
  object space 119296K, 80% used [0x00000000c0000000,0x00000000c5d3aa68,0x00000000c7480000)
 Metaspace       used 83667K, committed 84864K, reserved 1179648K
  class space    used 8288K, committed 8832K, reserved 1048576K
}
Event: 52725.974 GC heap after
{Heap after GC invocations=3244 (full 70):
 PSYoungGen      total 8704K, used 999K [0x00000000eab00000, 0x00000000eb580000, 0x0000000100000000)
  eden space 7168K, 0% used [0x00000000eab00000,0x00000000eab00000,0x00000000eb200000)
  from space 1536K, 65% used [0x00000000eb200000,0x00000000eb2f9ca8,0x00000000eb380000)
  to   space 1536K, 0% used [0x00000000eb400000,0x00000000eb400000,0x00000000eb580000)
 ParOldGen       total 119296K, used 95466K [0x00000000c0000000, 0x00000000c7480000, 0x00000000eab00000)
  object space 119296K, 80% used [0x00000000c0000000,0x00000000c5d3aa68,0x00000000c7480000)
 Metaspace       used 83667K, committed 84864K, reserved 1179648K
  class space    used 8288K, committed 8832K, reserved 1048576K
}
Event: 52725.983 GC heap before
{Heap before GC invocations=3245 (full 70):
 PSYoungGen      total 8704K, used 8167K [0x00000000eab00000, 0x00000000eb580000, 0x0000000100000000)
  eden space 7168K, 100% used [0x00000000eab00000,0x00000000eb200000,0x00000000eb200000)
  from space 1536K, 65% used [0x00000000eb200000,0x00000000eb2f9ca8,0x00000000eb380000)
  to   space 1536K, 0% used [0x00000000eb400000,0x00000000eb400000,0x00000000eb580000)
 ParOldGen       total 119296K, used 95466K [0x00000000c0000000, 0x00000000c7480000, 0x00000000eab00000)
  object space 119296K, 80% used [0x00000000c0000000,0x00000000c5d3aa68,0x00000000c7480000)
 Metaspace       used 83667K, committed 84864K, reserved 1179648K
  class space    used 8288K, committed 8832K, reserved 1048576K
}
Event: 52725.984 GC heap after
{Heap after GC invocations=3245 (full 70):
 PSYoungGen      total 9216K, used 999K [0x00000000eab00000, 0x00000000eb500000, 0x0000000100000000)
  eden space 8192K, 0% used [0x00000000eab00000,0x00000000eab00000,0x00000000eb300000)
  from space 1024K, 97% used [0x00000000eb400000,0x00000000eb4f9ca8,0x00000000eb500000)
  to   space 1024K, 0% used [0x00000000eb300000,0x00000000eb300000,0x00000000eb400000)
 ParOldGen       total 119296K, used 95466K [0x00000000c0000000, 0x00000000c7480000, 0x00000000eab00000)
  object space 119296K, 80% used [0x00000000c0000000,0x00000000c5d3aa68,0x00000000c7480000)
 Metaspace       used 83667K, committed 84864K, reserved 1179648K
  class space    used 8288K, committed 8832K, reserved 1048576K
}
Event: 52725.996 GC heap before
{Heap before GC invocations=3246 (full 70):
 PSYoungGen      total 9216K, used 8561K [0x00000000eab00000, 0x00000000eb500000, 0x0000000100000000)
  eden space 8192K, 92% used [0x00000000eab00000,0x00000000eb262758,0x00000000eb300000)
  from space 1024K, 97% used [0x00000000eb400000,0x00000000eb4f9ca8,0x00000000eb500000)
  to   space 1024K, 0% used [0x00000000eb300000,0x00000000eb300000,0x00000000eb400000)
 ParOldGen       total 119296K, used 95466K [0x00000000c0000000, 0x00000000c7480000, 0x00000000eab00000)
  object space 119296K, 80% used [0x00000000c0000000,0x00000000c5d3aa68,0x00000000c7480000)
 Metaspace       used 83667K, committed 84864K, reserved 1179648K
  class space    used 8288K, committed 8832K, reserved 1048576K
}
Event: 52725.997 GC heap after
{Heap after GC invocations=3246 (full 70):
 PSYoungGen      total 9216K, used 999K [0x00000000eab00000, 0x00000000eb600000, 0x0000000100000000)
  eden space 8192K, 0% used [0x00000000eab00000,0x00000000eab00000,0x00000000eb300000)
  from space 1024K, 97% used [0x00000000eb300000,0x00000000eb3f9ca8,0x00000000eb400000)
  to   space 1024K, 0% used [0x00000000eb500000,0x00000000eb500000,0x00000000eb600000)
 ParOldGen       total 119296K, used 95474K [0x00000000c0000000, 0x00000000c7480000, 0x00000000eab00000)
  object space 119296K, 80% used [0x00000000c0000000,0x00000000c5d3ca68,0x00000000c7480000)
 Metaspace       used 83667K, committed 84864K, reserved 1179648K
  class space    used 8288K, committed 8832K, reserved 1048576K
}
Event: 52726.010 GC heap before
{Heap before GC invocations=3247 (full 70):
 PSYoungGen      total 9216K, used 9191K [0x00000000eab00000, 0x00000000eb600000, 0x0000000100000000)
  eden space 8192K, 100% used [0x00000000eab00000,0x00000000eb300000,0x00000000eb300000)
  from space 1024K, 97% used [0x00000000eb300000,0x00000000eb3f9ca8,0x00000000eb400000)
  to   space 1024K, 0% used [0x00000000eb500000,0x00000000eb500000,0x00000000eb600000)
 ParOldGen       total 119296K, used 95474K [0x00000000c0000000, 0x00000000c7480000, 0x00000000eab00000)
  object space 119296K, 80% used [0x00000000c0000000,0x00000000c5d3ca68,0x00000000c7480000)
 Metaspace       used 83667K, committed 84864K, reserved 1179648K
  class space    used 8288K, committed 8832K, reserved 1048576K
}
Event: 52726.012 GC heap after
{Heap after GC invocations=3247 (full 70):
 PSYoungGen      total 9728K, used 1008K [0x00000000eab00000, 0x00000000eb700000, 0x0000000100000000)
  eden space 8704K, 0% used [0x00000000eab00000,0x00000000eab00000,0x00000000eb380000)
  from space 1024K, 98% used [0x00000000eb500000,0x00000000eb5fc010,0x00000000eb600000)
  to   space 1536K, 0% used [0x00000000eb380000,0x00000000eb380000,0x00000000eb500000)
 ParOldGen       total 119296K, used 95646K [0x00000000c0000000, 0x00000000c7480000, 0x00000000eab00000)
  object space 119296K, 80% used [0x00000000c0000000,0x00000000c5d678a8,0x00000000c7480000)
 Metaspace       used 83667K, committed 84864K, reserved 1179648K
  class space    used 8288K, committed 8832K, reserved 1048576K
}

